Namespace(batch_size=128, convert_x=False, data_group='PROTEINS', datapath='./data', device='cpu', dropout=0.5, epsilon1=0.03, epsilon2=0.06, hidden=64, local_epoch=1, lr=0.001, nlayer=3, num_clients=10, num_repeat=5, num_rounds=200, outbase='./outputs', overlap=False, repeat=1, seed=10, seq_length=10, standardize=False, weight_decay=0.0005)
Output Path: ./outputs/seqLen10/oneDS-nonOverlap/PROTEINS-10clients/eps_0.03_0.06
Preparing data (original features) ...
Dataset name:  PROTEINS  Total number of graphs:  1113
/opt/conda/envs/gcfl/lib/python3.7/site-packages/torch_geometric/deprecation.py:13: UserWarning: 'data.DataLoader' is deprecated, use 'loader.DataLoader' instead
  warnings.warn(out)
/opt/conda/envs/gcfl/lib/python3.7/site-packages/torch_geometric/deprecation.py:13: UserWarning: 'data.DataLoader' is deprecated, use 'loader.DataLoader' instead
  warnings.warn(out)
/opt/conda/envs/gcfl/lib/python3.7/site-packages/torch_geometric/deprecation.py:13: UserWarning: 'data.DataLoader' is deprecated, use 'loader.DataLoader' instead
  warnings.warn(out)
/opt/conda/envs/gcfl/lib/python3.7/site-packages/torch_geometric/deprecation.py:13: UserWarning: 'data.DataLoader' is deprecated, use 'loader.DataLoader' instead
  warnings.warn(out)
/opt/conda/envs/gcfl/lib/python3.7/site-packages/torch_geometric/deprecation.py:13: UserWarning: 'data.DataLoader' is deprecated, use 'loader.DataLoader' instead
  warnings.warn(out)
/opt/conda/envs/gcfl/lib/python3.7/site-packages/torch_geometric/deprecation.py:13: UserWarning: 'data.DataLoader' is deprecated, use 'loader.DataLoader' instead
  warnings.warn(out)
/opt/conda/envs/gcfl/lib/python3.7/site-packages/torch_geometric/deprecation.py:13: UserWarning: 'data.DataLoader' is deprecated, use 'loader.DataLoader' instead
  warnings.warn(out)
/opt/conda/envs/gcfl/lib/python3.7/site-packages/torch_geometric/deprecation.py:13: UserWarning: 'data.DataLoader' is deprecated, use 'loader.DataLoader' instead
  warnings.warn(out)
/opt/conda/envs/gcfl/lib/python3.7/site-packages/torch_geometric/deprecation.py:13: UserWarning: 'data.DataLoader' is deprecated, use 'loader.DataLoader' instead
  warnings.warn(out)
/opt/conda/envs/gcfl/lib/python3.7/site-packages/torch_geometric/deprecation.py:13: UserWarning: 'data.DataLoader' is deprecated, use 'loader.DataLoader' instead
  warnings.warn(out)
Data prepared.
Wrote to ./outputs/seqLen10/oneDS-nonOverlap/PROTEINS-10clients/eps_0.03_0.06/repeats/1_stats_trainData.csv

Done setting up devices.

Done setting up FedAvg devices.
Running FedAvg ...
  > round 50
  > round 100
  > round 150
  > round 200
            test_acc
0-PROTEINS  0.727273
1-PROTEINS  0.500000
2-PROTEINS  0.727273
3-PROTEINS  0.846154
4-PROTEINS  0.818182
5-PROTEINS  0.833333
6-PROTEINS  0.818182
7-PROTEINS  0.692308
8-PROTEINS  0.545455
9-PROTEINS  0.727273
Wrote to file: ./outputs/seqLen10/oneDS-nonOverlap/PROTEINS-10clients/eps_0.03_0.06/accuracy_fedavg_GC.csv

Done setting up GCFL devices.
Running GCFL ...
  > round 50
  > round 100
  > round 150
